<?xml version="1.0" encoding="UTF-8"?>
<!-- Generated by org.testng.reporters.JUnitReportReporter -->
<testsuite hostname="LAPTOP-9060GQE8" failures="1" tests="6" name="com.Diploma.Tests.AggregatePercentagefor10th" time="737.945" errors="0" timestamp="2021-07-17T00:00:12 IST" skipped="0">
  <testcase classname="com.Diploma.Tests.AggregatePercentagefor10th" name="Login" time="8.717"/>
  <system-out/>
  <testcase classname="com.Diploma.Tests.AggregatePercentagefor10th" name="AggregateCheckWithLessThan35Percentage" time="232.050"/>
  <system-out/>
  <testcase classname="com.Diploma.Tests.AggregatePercentagefor10th" name="AggregateCheckWith30Percentage" time="152.253">
    <failure message="The following asserts failed:
	expected [Do you want to Submit ?] but found [Secured Mark(10th) should be atleast 35 % for below Criteria ! 

 1- Course Chosen Diploma in Engineering Only 
 2- Course Chosen Diploma in Non-Engineering Only with opting for Beauty Culture 
 3-Course Chosen Both Diploma in Engineering and Diploma in Non-Engineering 
 4- Course Chosen Both Diploma in Engineering and Diploma in Engineering (Lateral) 
 5- Course Chosen Both Diploma in Engineering and Diploma in Film &amp; TV Courses 
 6-Course Chosen Diploma in Engineering (Part Time Programme only)]" type="java.lang.AssertionError">
      <![CDATA[java.lang.AssertionError: The following asserts failed:
expected [Do you want to Submit ?] but found [Secured Mark(10th) should be atleast 35 % for below Criteria ! 

 1- Course Chosen Diploma in Engineering Only 
 2- Course Chosen Diploma in Non-Engineering Only with opting for Beauty Culture 
 3-Course Chosen Both Diploma in Engineering and Diploma in Non-Engineering 
 4- Course Chosen Both Diploma in Engineering and Diploma in Engineering (Lateral) 
 5- Course Chosen Both Diploma in Engineering and Diploma in Film & TV Courses 
 6-Course Chosen Diploma in Engineering (Part Time Programme only)]
at org.testng.asserts.SoftAssert.assertAll(SoftAssert.java:47)
at org.testng.asserts.SoftAssert.assertAll(SoftAssert.java:31)
at com.Diploma.Tests.AggregatePercentagefor10th.AggregateCheckWith30Percentage(AggregatePercentagefor10th.java:610)
at java.base/jdk.internal.reflect.NativeMethodAccessorImpl.invoke0(Native Method)
at java.base/jdk.internal.reflect.NativeMethodAccessorImpl.invoke(NativeMethodAccessorImpl.java:64)
at java.base/jdk.internal.reflect.DelegatingMethodAccessorImpl.invoke(DelegatingMethodAccessorImpl.java:43)
at java.base/java.lang.reflect.Method.invoke(Method.java:564)
at org.testng.internal.MethodInvocationHelper.invokeMethod(MethodInvocationHelper.java:132)
at org.testng.internal.TestInvoker.invokeMethod(TestInvoker.java:599)
at org.testng.internal.TestInvoker.invokeTestMethod(TestInvoker.java:174)
at org.testng.internal.MethodRunner.runInSequence(MethodRunner.java:46)
at org.testng.internal.TestInvoker$MethodInvocationAgent.invoke(TestInvoker.java:822)
at org.testng.internal.TestInvoker.invokeTestMethods(TestInvoker.java:147)
at org.testng.internal.TestMethodWorker.invokeTestMethods(TestMethodWorker.java:146)
at org.testng.internal.TestMethodWorker.run(TestMethodWorker.java:128)
at java.base/java.util.ArrayList.forEach(ArrayList.java:1511)
at org.testng.TestRunner.privateRun(TestRunner.java:764)
at org.testng.TestRunner.run(TestRunner.java:585)
at org.testng.SuiteRunner.runTest(SuiteRunner.java:384)
at org.testng.SuiteRunner.runSequentially(SuiteRunner.java:378)
at org.testng.SuiteRunner.privateRun(SuiteRunner.java:337)
at org.testng.SuiteRunner.run(SuiteRunner.java:286)
at org.testng.SuiteRunnerWorker.runSuite(SuiteRunnerWorker.java:53)
at org.testng.SuiteRunnerWorker.run(SuiteRunnerWorker.java:96)
at org.testng.TestNG.runSuitesSequentially(TestNG.java:1218)
at org.testng.TestNG.runSuitesLocally(TestNG.java:1140)
at org.testng.TestNG.runSuites(TestNG.java:1069)
at org.testng.TestNG.run(TestNG.java:1037)
at org.testng.remote.AbstractRemoteTestNG.run(AbstractRemoteTestNG.java:115)
at org.testng.remote.RemoteTestNG.initAndRun(RemoteTestNG.java:251)
at org.testng.remote.RemoteTestNG.main(RemoteTestNG.java:77)
]]>
    </failure>
  </testcase> <!-- AggregateCheckWith30Percentage -->
  <system-out/>
  <testcase classname="com.Diploma.Tests.AggregatePercentagefor10th" name="AggregateCheckWithLessThan30Percentage" time="77.838"/>
  <system-out/>
  <testcase classname="com.Diploma.Tests.AggregatePercentagefor10th" name="AggregateCheckWithLessThan30PercentageOther" time="31.071"/>
  <system-out/>
  <testcase classname="com.Diploma.Tests.AggregatePercentagefor10th" name="AggregateCheckWith35Percentage" time="236.016"/>
  <system-out/>
</testsuite> <!-- com.Diploma.Tests.AggregatePercentagefor10th -->
